<?xml version="1.0" encoding="UTF-8"?>
<testng-results skipped="0" failed="1" total="1" passed="0">
  <reporter-output>
  </reporter-output>
  <suite name="LegionTest" duration-ms="64493" started-at="2018-09-14T13:51:28Z" finished-at="2018-09-14T13:52:33Z">
    <groups>
    </groups>
    <test name="LegionSampleTest" duration-ms="64493" started-at="2018-09-14T13:51:28Z" finished-at="2018-09-14T13:52:33Z">
      <class name="com.legion.tests.core.AnalyticsTest">
        <test-method status="PASS" signature="openBrowser(java.lang.reflect.Method, java.lang.String, java.lang.String, java.lang.String)[pri:0, instance:com.legion.tests.core.AnalyticsTest@6a192cfe]" name="openBrowser" is-config="true" duration-ms="2671" started-at="2018-09-14T19:21:28Z" finished-at="2018-09-14T19:21:31Z">
          <params>
            <param index="0">
              <value>
                <![CDATA[public void com.legion.tests.core.AnalyticsTest.gotoAnalyticsPageTest(java.lang.String,java.lang.String,java.lang.String,java.lang.String) throws java.lang.Exception]]>
              </value>
            </param>
            <param index="1">
              <value>
                <![CDATA[Chrome]]>
              </value>
            </param>
            <param index="2">
              <value>
                <![CDATA[LegionCoffee]]>
              </value>
            </param>
            <param index="3">
              <value>
                <![CDATA[DEV]]>
              </value>
            </param>
          </params>
          <reporter-output>
          </reporter-output>
        </test-method> <!-- openBrowser -->
        <test-method status="FAIL" signature="gotoAnalyticsPageTest(java.lang.String, java.lang.String, java.lang.String, java.lang.String)[pri:0, instance:com.legion.tests.core.AnalyticsTest@6a192cfe]" name="gotoAnalyticsPageTest" duration-ms="61435" started-at="2018-09-14T19:21:31Z" data-provider="browsers" finished-at="2018-09-14T19:22:32Z">
          <params>
            <param index="0">
              <value>
                <![CDATA[chrome]]>
              </value>
            </param>
            <param index="1">
              <value>
                <![CDATA[67.0.3396.99]]>
              </value>
            </param>
            <param index="2">
              <value>
                <![CDATA[LINUX]]>
              </value>
            </param>
            <param index="3">
              <value>
                <![CDATA[platform]]>
              </value>
            </param>
          </params>
          <exception class="java.lang.AssertionError">
            <message>
              <![CDATA[Analytics Team Member Satisfaction Section not Loaded Successfully!]]>
            </message>
            <full-stacktrace>
              <![CDATA[java.lang.AssertionError: Analytics Team Member Satisfaction Section not Loaded Successfully!
	at com.legion.pages.BasePage.fail(BasePage.java:189)
	at com.legion.pages.core.ConsoleAnalyticsPage.getTeamMemberSatisfaction(ConsoleAnalyticsPage.java:170)
	at com.legion.pages.core.ConsoleAnalyticsPage.gotoAnalyticsPage(ConsoleAnalyticsPage.java:89)
	at com.legion.tests.core.AnalyticsTest.gotoAnalyticsPageTest(AnalyticsTest.java:26)
	at sun.reflect.NativeMethodAccessorImpl.invoke0(Native Method)
	at sun.reflect.NativeMethodAccessorImpl.invoke(NativeMethodAccessorImpl.java:62)
	at sun.reflect.DelegatingMethodAccessorImpl.invoke(DelegatingMethodAccessorImpl.java:43)
	at java.lang.reflect.Method.invoke(Method.java:498)
	at org.testng.internal.MethodInvocationHelper.invokeMethod(MethodInvocationHelper.java:86)
	at org.testng.internal.Invoker.invokeMethod(Invoker.java:643)
	at org.testng.internal.Invoker.invokeTestMethod(Invoker.java:820)
	at org.testng.internal.TestMethodWithDataProviderMethodWorker.call(TestMethodWithDataProviderMethodWorker.java:75)
	at org.testng.internal.TestMethodWithDataProviderMethodWorker.call(TestMethodWithDataProviderMethodWorker.java:14)
	at java.util.concurrent.FutureTask.run(FutureTask.java:266)
	at java.util.concurrent.Executors$RunnableAdapter.call(Executors.java:511)
	at java.util.concurrent.FutureTask.run(FutureTask.java:266)
	at java.util.concurrent.ThreadPoolExecutor.runWorker(ThreadPoolExecutor.java:1149)
	at java.util.concurrent.ThreadPoolExecutor$Worker.run(ThreadPoolExecutor.java:624)
	at java.lang.Thread.run(Thread.java:748)
]]>
            </full-stacktrace>
          </exception> <!-- java.lang.AssertionError -->
          <reporter-output>
          </reporter-output>
        </test-method> <!-- gotoAnalyticsPageTest -->
        <test-method status="PASS" signature="closeBrowser(java.lang.reflect.Method)[pri:0, instance:com.legion.tests.core.AnalyticsTest@6a192cfe]" name="closeBrowser" is-config="true" duration-ms="16" started-at="2018-09-14T19:22:33Z" finished-at="2018-09-14T19:22:33Z">
          <params>
            <param index="0">
              <value>
                <![CDATA[public void com.legion.tests.core.AnalyticsTest.gotoAnalyticsPageTest(java.lang.String,java.lang.String,java.lang.String,java.lang.String) throws java.lang.Exception]]>
              </value>
            </param>
          </params>
          <reporter-output>
          </reporter-output>
        </test-method> <!-- closeBrowser -->
      </class> <!-- com.legion.tests.core.AnalyticsTest -->
    </test> <!-- LegionSampleTest -->
  </suite> <!-- LegionTest -->
</testng-results>
