<?xml version="1.0" encoding="UTF-8"?>
<!-- Generated by org.testng.reporters.JUnitReportReporter -->
<<<<<<< HEAD
<testsuite hostname="LAPTOP-KFTQEU00" name="com.legion.tests.core.AnalyticsTest" tests="1" failures="1" timestamp="10 Sep 2018 15:50:19 GMT" time="55.365" errors="0">
  <testcase name="gotoAnalyticsPageTest" time="55.365" classname="com.legion.tests.core.AnalyticsTest">
=======
<testsuite hostname="naval" name="com.legion.tests.core.AnalyticsTest" tests="1" failures="1" timestamp="13 Sep 2018 08:19:31 GMT" time="60.895" errors="0">
  <testcase name="gotoAnalyticsPageTest" time="60.895" classname="com.legion.tests.core.AnalyticsTest">
>>>>>>> 7285909ac22f82b8565d5e9d9132d1d3ac0c5e3b
    <failure type="java.lang.AssertionError" message="Analytics Team Member Satisfaction Section not Loaded Successfully!">
      <![CDATA[java.lang.AssertionError: Analytics Team Member Satisfaction Section not Loaded Successfully!
	at com.legion.pages.BasePage.fail(BasePage.java:189)
	at com.legion.pages.core.ConsoleAnalyticsPage.getTeamMemberSatisfaction(ConsoleAnalyticsPage.java:170)
	at com.legion.pages.core.ConsoleAnalyticsPage.gotoAnalyticsPage(ConsoleAnalyticsPage.java:89)
	at com.legion.tests.core.AnalyticsTest.gotoAnalyticsPageTest(AnalyticsTest.java:26)
	at sun.reflect.NativeMethodAccessorImpl.invoke0(Native Method)
<<<<<<< HEAD
	at sun.reflect.NativeMethodAccessorImpl.invoke(Unknown Source)
	at sun.reflect.DelegatingMethodAccessorImpl.invoke(Unknown Source)
	at java.lang.reflect.Method.invoke(Unknown Source)
=======
	at sun.reflect.NativeMethodAccessorImpl.invoke(NativeMethodAccessorImpl.java:62)
	at sun.reflect.DelegatingMethodAccessorImpl.invoke(DelegatingMethodAccessorImpl.java:43)
	at java.lang.reflect.Method.invoke(Method.java:498)
>>>>>>> 7285909ac22f82b8565d5e9d9132d1d3ac0c5e3b
	at org.testng.internal.MethodInvocationHelper.invokeMethod(MethodInvocationHelper.java:86)
	at org.testng.internal.Invoker.invokeMethod(Invoker.java:643)
	at org.testng.internal.Invoker.invokeTestMethod(Invoker.java:820)
	at org.testng.internal.TestMethodWithDataProviderMethodWorker.call(TestMethodWithDataProviderMethodWorker.java:75)
	at org.testng.internal.TestMethodWithDataProviderMethodWorker.call(TestMethodWithDataProviderMethodWorker.java:14)
<<<<<<< HEAD
	at java.util.concurrent.FutureTask.run(Unknown Source)
	at java.util.concurrent.Executors$RunnableAdapter.call(Unknown Source)
	at java.util.concurrent.FutureTask.run(Unknown Source)
	at java.util.concurrent.ThreadPoolExecutor.runWorker(Unknown Source)
	at java.util.concurrent.ThreadPoolExecutor$Worker.run(Unknown Source)
	at java.lang.Thread.run(Unknown Source)
=======
	at java.util.concurrent.FutureTask.run(FutureTask.java:266)
	at java.util.concurrent.Executors$RunnableAdapter.call(Executors.java:511)
	at java.util.concurrent.FutureTask.run(FutureTask.java:266)
	at java.util.concurrent.ThreadPoolExecutor.runWorker(ThreadPoolExecutor.java:1149)
	at java.util.concurrent.ThreadPoolExecutor$Worker.run(ThreadPoolExecutor.java:624)
	at java.lang.Thread.run(Thread.java:748)
>>>>>>> 7285909ac22f82b8565d5e9d9132d1d3ac0c5e3b
]]>
    </failure>
  </testcase> <!-- gotoAnalyticsPageTest -->
</testsuite> <!-- com.legion.tests.core.AnalyticsTest -->
